Build started 10/22/2016 6:03:31 PM.
     1>Project "C:\Users\TANGIRALA\MissionRnDProjects\C_Arrays\src\src.vcxproj" on node 2 (Rebuild target(s)).
     1>ClCompile:
         C:\Program Files (x86)\Microsoft Visual Studio 12.0\VC\bin\CL.exe /c /ZI /nologo /W3 /WX- /Od /Oy- /D WIN32 /D _DEBUG /D _WINDOWS /D _USRDLL /D SRC_EXPORTS /D _UNICODE /D UNICODE /Gm /EHsc /RTC1 /MDd /GS /fp:precise /Zc:wchar_t /Zc:forScope /Fo"Debug\\" /Fd"Debug\vc120.pdb" /Gd /TP /analyze- /errorReport:prompt MainArrays1.cpp maxPosNegSum.cpp nPrime.cpp oneTwoCount.cpp studentsCount.cpp topKStudents.cpp scoresDescendingSort.cpp removeArrayDuplicates.cpp sortedArrayInsertNumber.cpp sortedArrayPositionsChange.cpp
         sortedArrayPositionsChange.cpp
         sortedArrayInsertNumber.cpp
         removeArrayDuplicates.cpp
         scoresDescendingSort.cpp
         topKStudents.cpp
     1>c:\users\tangirala\missionrndprojects\c_arrays\src\topkstudents.cpp(49): warning C4172: returning address of local variable or temporary
         studentsCount.cpp
         oneTwoCount.cpp
         nPrime.cpp
     1>c:\users\tangirala\missionrndprojects\c_arrays\src\nprime.cpp(33): warning C4800: 'int' : forcing value to bool 'true' or 'false' (performance warning)
         maxPosNegSum.cpp
         MainArrays1.cpp
         Generating Code...
     1>c:\users\tangirala\missionrndprojects\c_arrays\src\studentscount.cpp(42): warning C4715: 'studentsCount' : not all control paths return a value
     1>c:\users\tangirala\missionrndprojects\c_arrays\src\scoresdescendingsort.cpp(40): warning C4715: 'scoresDescendingSort' : not all control paths return a value
     1>c:\users\tangirala\missionrndprojects\c_arrays\src\sortedarraypositionschange.cpp(34): warning C4715: 'sortedArrayPositionsChange' : not all control paths return a value
       Link:
         C:\Program Files (x86)\Microsoft Visual Studio 12.0\VC\bin\link.exe /ERRORREPORT:PROMPT /OUT:"C:\Users\TANGIRALA\MissionRnDProjects\C_Arrays\Debug\src.exe" /INCREMENTAL /NOLOGO kernel32.lib user32.lib gdi32.lib winspool.lib comdlg32.lib advapi32.lib shell32.lib ole32.lib oleaut32.lib uuid.lib odbc32.lib odbccp32.lib /MANIFEST /MANIFESTUAC:"level='asInvoker' uiAccess='false'" /manifest:embed /DEBUG /PDB:"C:\Users\TANGIRALA\MissionRnDProjects\C_Arrays\Debug\src.pdb" /SUBSYSTEM:CONSOLE /TLBID:1 /DYNAMICBASE /NXCOMPAT /IMPLIB:"C:\Users\TANGIRALA\MissionRnDProjects\C_Arrays\Debug\src.lib" /MACHINE:X86 Debug\MainArrays1.obj
         Debug\maxPosNegSum.obj
         Debug\nPrime.obj
         Debug\oneTwoCount.obj
         Debug\studentsCount.obj
         Debug\topKStudents.obj
         Debug\scoresDescendingSort.obj
         Debug\removeArrayDuplicates.obj
         Debug\sortedArrayInsertNumber.obj
         Debug\sortedArrayPositionsChange.obj
         src.vcxproj -> C:\Users\TANGIRALA\MissionRnDProjects\C_Arrays\Debug\src.exe
     1>Done Building Project "C:\Users\TANGIRALA\MissionRnDProjects\C_Arrays\src\src.vcxproj" (Rebuild target(s)).

Build succeeded.

Time Elapsed 00:00:01.69
