c:\users\tangirala\missionrndprojects\c_arrays\src\debug\vc120.pdb
c:\users\tangirala\missionrndprojects\c_arrays\src\debug\vc120.idb
c:\users\tangirala\missionrndprojects\c_arrays\src\debug\mainarrays1.obj
c:\users\tangirala\missionrndprojects\c_arrays\src\debug\maxposnegsum.obj
c:\users\tangirala\missionrndprojects\c_arrays\src\debug\nprime.obj
c:\users\tangirala\missionrndprojects\c_arrays\src\debug\onetwocount.obj
c:\users\tangirala\missionrndprojects\c_arrays\src\debug\studentscount.obj
c:\users\tangirala\missionrndprojects\c_arrays\src\debug\topkstudents.obj
c:\users\tangirala\missionrndprojects\c_arrays\src\debug\scoresdescendingsort.obj
c:\users\tangirala\missionrndprojects\c_arrays\src\debug\removearrayduplicates.obj
c:\users\tangirala\missionrndprojects\c_arrays\src\debug\sortedarrayinsertnumber.obj
c:\users\tangirala\missionrndprojects\c_arrays\src\debug\sortedarraypositionschange.obj
c:\users\tangirala\missionrndprojects\c_arrays\debug\src.ilk
c:\users\tangirala\missionrndprojects\c_arrays\debug\src.exe
c:\users\tangirala\missionrndprojects\c_arrays\debug\src.pdb
c:\users\tangirala\missionrndprojects\c_arrays\src\debug\src.tlog\cl.command.1.tlog
c:\users\tangirala\missionrndprojects\c_arrays\src\debug\src.tlog\cl.read.1.tlog
c:\users\tangirala\missionrndprojects\c_arrays\src\debug\src.tlog\cl.write.1.tlog
c:\users\tangirala\missionrndprojects\c_arrays\src\debug\src.tlog\link.command.1.tlog
c:\users\tangirala\missionrndprojects\c_arrays\src\debug\src.tlog\link.read.1.tlog
c:\users\tangirala\missionrndprojects\c_arrays\src\debug\src.tlog\link.write.1.tlog
