c:\users\tangirala\missionrndprojects\c_arrays\spec\debug\spec.pch
c:\users\tangirala\missionrndprojects\c_arrays\spec\debug\vc120.pdb
c:\users\tangirala\missionrndprojects\c_arrays\spec\debug\vc120.idb
c:\users\tangirala\missionrndprojects\c_arrays\spec\debug\stdafx.obj
c:\users\tangirala\missionrndprojects\c_arrays\spec\debug\maxposnegsumspec.obj
c:\users\tangirala\missionrndprojects\c_arrays\spec\debug\nprimespec.obj
c:\users\tangirala\missionrndprojects\c_arrays\spec\debug\onetwocountspec.obj
c:\users\tangirala\missionrndprojects\c_arrays\spec\debug\removearrayduplicatesspec.obj
c:\users\tangirala\missionrndprojects\c_arrays\spec\debug\scoresdescendingsortspec.obj
c:\users\tangirala\missionrndprojects\c_arrays\spec\debug\sortedarrayinsertnumberspec.obj
c:\users\tangirala\missionrndprojects\c_arrays\spec\debug\sortedarraypositionschangespec.obj
c:\users\tangirala\missionrndprojects\c_arrays\spec\debug\studentscountspec.obj
c:\users\tangirala\missionrndprojects\c_arrays\spec\debug\topkstudentsspec.obj
c:\users\tangirala\missionrndprojects\c_arrays\debug\spec.lib
c:\users\tangirala\missionrndprojects\c_arrays\debug\spec.exp
c:\users\tangirala\missionrndprojects\c_arrays\debug\spec.pdb
c:\users\tangirala\missionrndprojects\c_arrays\debug\spec.dll
c:\users\tangirala\missionrndprojects\c_arrays\debug\spec.ilk
c:\users\tangirala\missionrndprojects\c_arrays\spec\debug\spec.tlog\cl.command.1.tlog
c:\users\tangirala\missionrndprojects\c_arrays\spec\debug\spec.tlog\cl.read.1.tlog
c:\users\tangirala\missionrndprojects\c_arrays\spec\debug\spec.tlog\cl.write.1.tlog
c:\users\tangirala\missionrndprojects\c_arrays\spec\debug\spec.tlog\link.command.1.tlog
c:\users\tangirala\missionrndprojects\c_arrays\spec\debug\spec.tlog\link.read.1.tlog
c:\users\tangirala\missionrndprojects\c_arrays\spec\debug\spec.tlog\link.write.1.tlog
c:\users\tangirala\missionrndprojects\c_arrays\spec\debug\spec.tlog\spec.write.1u.tlog
